<?xml version="1.0" encoding="UTF-8"?>
<!-- Generated by org.testng.reporters.JUnitXMLReporter -->
<testsuite ignored="0" hostname="DESKTOP-1Q422LH" failures="0" tests="15" name="Default test" time="237.848" errors="0" timestamp="2021-06-01T16:37:59 IDT">
  <testcase classname="Tests.TestRun" name="CoursesPageMoreCoursesContentVerify" time="8.657"/>
  <testcase classname="Tests.TestRun" name="HitechPageTextLinksVerify" time="14.051"/>
  <testcase classname="Tests.TestRun" name="HomePageApplyForConsultationInputsAndSendBTN" time="1.124"/>
  <testcase classname="Tests.TestRun" name="HomePageVerifyElementsClickability" time="39.138"/>
  <testcase classname="Tests.TestRun" name="QAcourseFooterLinksClickabilityFunctional" time="6.463"/>
  <testcase classname="Tests.TestRun" name="QAcoursePageFaQFunctional" time="4.919"/>
  <testcase classname="Tests.TestRun" name="QaCoursePageButtonsFunctionality" time="3.028"/>
  <testcase classname="Tests.TestRun" name="applyFromNextAndPreviousCourses" time="10.88"/>
  <testcase classname="Tests.TestRun" name="applyToAutomationHybridCourse" time="6.779"/>
  <testcase classname="Tests.TestRun" name="chatBotSendMsg" time="20.661"/>
  <testcase classname="Tests.TestRun" name="checkPopularCoursesURlWithHttpConnectionAPI" time="4.191"/>
  <testcase classname="Tests.TestRun" name="exploreAutomationSyllabuses" time="7.674"/>
  <testcase classname="Tests.TestRun" name="getContentThroughNavBar" time="20.49"/>
  <testcase classname="Tests.TestRun" name="integrations" time="3.581"/>
  <testcase classname="Tests.TestRun" name="quickContactSanity" time="1.725"/>
</testsuite> <!-- Default test -->
